[debug] [2021-06-29T00:45:19.841Z] ----------------------------------------------------------------------
[debug] [2021-06-29T00:45:19.843Z] Command:       /usr/local/bin/node /usr/local/bin/firebase init
[debug] [2021-06-29T00:45:19.843Z] CLI Version:   9.14.0
[debug] [2021-06-29T00:45:19.847Z] Platform:      darwin
[debug] [2021-06-29T00:45:19.848Z] Node Version:  v12.18.3
[debug] [2021-06-29T00:45:19.870Z] Time:          Mon Jun 28 2021 21:45:19 GMT-0300 (Brasilia Standard Time)
[debug] [2021-06-29T00:45:19.871Z] ----------------------------------------------------------------------
[debug] 
[debug] [2021-06-29T00:45:19.882Z] > command requires scopes: ["email","openid","https://www.googleapis.com/auth/cloudplatformprojects.readonly","https://www.googleapis.com/auth/firebase","https://www.googleapis.com/auth/cloud-platform"]
[debug] [2021-06-29T00:45:19.882Z] > authorizing via signed-in user (alexandrecorazza10@gmail.com)
[info] 
     ######## #### ########  ######## ########     ###     ######  ########
     ##        ##  ##     ## ##       ##     ##  ##   ##  ##       ##
     ######    ##  ########  ######   ########  #########  ######  ######
     ##        ##  ##    ##  ##       ##     ## ##     ##       ## ##
     ##       #### ##     ## ######## ########  ##     ##  ######  ########

You're about to initialize a Firebase project in this directory:

  /Users/alexandrecorazza/Desktop/Alexandre/Development/RocketSeat/nextlevelweek-together/project/letmeask

Before we get started, keep in mind:

  * You are initializing within an existing Firebase project directory

[info] 
=== Project Setup
[info] 
[info] First, let's associate this project directory with a Firebase project.
[info] You can create multiple project aliases by running firebase use --add, 
[info] but for now we'll just set up a default project.
[info] 
[info] i  .firebaserc already has a default project, using letmeask-nlw. 
[debug] [2021-06-29T00:47:49.902Z] >>> [apiv2][query] GET https://firebase.googleapis.com/v1beta1/projects/letmeask-nlw [none]
[debug] [2021-06-29T00:47:50.582Z] <<< [apiv2][status] GET https://firebase.googleapis.com/v1beta1/projects/letmeask-nlw 403
[debug] [2021-06-29T00:47:50.582Z] <<< [apiv2][body] GET https://firebase.googleapis.com/v1beta1/projects/letmeask-nlw {"error":{"code":403,"message":"The caller does not have permission","status":"PERMISSION_DENIED"}}
[debug] [2021-06-29T00:47:50.583Z] HTTP Error: 403, The caller does not have permission
[debug] [2021-06-29T00:47:50.752Z] FirebaseError: HTTP Error: 403, The caller does not have permission
    at module.exports (/usr/local/lib/node_modules/firebase-tools/lib/responseToError.js:38:12)
    at Client.doRequest (/usr/local/lib/node_modules/firebase-tools/lib/apiv2.js:238:23)
    at processTicksAndRejections (internal/process/task_queues.js:97:5)
    at async Client.request (/usr/local/lib/node_modules/firebase-tools/lib/apiv2.js:96:20)
    at async Object.getFirebaseProject (/usr/local/lib/node_modules/firebase-tools/lib/management/projects.js:290:21)
    at async Object.doSetup [as project] (/usr/local/lib/node_modules/firebase-tools/lib/init/features/project.js:77:27)
    at async init (/usr/local/lib/node_modules/firebase-tools/lib/init/index.js:19:9)
[error] 
[error] Error: Failed to get Firebase project letmeask-nlw. Please make sure the project exists and your account has permission to access it.
[debug] [2021-06-29T00:48:18.926Z] ----------------------------------------------------------------------
[debug] [2021-06-29T00:48:18.928Z] Command:       /usr/local/bin/node /usr/local/bin/firebase init
[debug] [2021-06-29T00:48:18.928Z] CLI Version:   9.14.0
[debug] [2021-06-29T00:48:18.928Z] Platform:      darwin
[debug] [2021-06-29T00:48:18.928Z] Node Version:  v12.18.3
[debug] [2021-06-29T00:48:18.998Z] Time:          Mon Jun 28 2021 21:48:18 GMT-0300 (Brasilia Standard Time)
[debug] [2021-06-29T00:48:18.999Z] ----------------------------------------------------------------------
[debug] 
[debug] [2021-06-29T00:48:19.011Z] > command requires scopes: ["email","openid","https://www.googleapis.com/auth/cloudplatformprojects.readonly","https://www.googleapis.com/auth/firebase","https://www.googleapis.com/auth/cloud-platform"]
[debug] [2021-06-29T00:48:19.011Z] > authorizing via signed-in user (alexandrecorazza10@gmail.com)
[info] 
     ######## #### ########  ######## ########     ###     ######  ########
     ##        ##  ##     ## ##       ##     ##  ##   ##  ##       ##
     ######    ##  ########  ######   ########  #########  ######  ######
     ##        ##  ##    ##  ##       ##     ## ##     ##       ## ##
     ##       #### ##     ## ######## ########  ##     ##  ######  ########

You're about to initialize a Firebase project in this directory:

  /Users/alexandrecorazza/Desktop/Alexandre/Development/RocketSeat/nextlevelweek-together/project/letmeask

Before we get started, keep in mind:

  * You are initializing within an existing Firebase project directory

[info] 
=== Project Setup
[info] 
[info] First, let's associate this project directory with a Firebase project.
[info] You can create multiple project aliases by running firebase use --add, 
[info] but for now we'll just set up a default project.
[info] 
[debug] [2021-06-29T00:48:36.652Z] >>> [apiv2][query] GET https://firebase.googleapis.com/v1beta1/projects pageSize=100
[debug] [2021-06-29T00:48:37.798Z] <<< [apiv2][status] GET https://firebase.googleapis.com/v1beta1/projects 200
[debug] [2021-06-29T00:48:37.798Z] <<< [apiv2][body] GET https://firebase.googleapis.com/v1beta1/projects [omitted]
[info] i  Using project letmeask-7de74 (letmeask) 
[info] 
=== Database Setup
[info] i  database: ensuring required API firebasedatabase.googleapis.com is enabled... 
[debug] [2021-06-29T00:50:18.144Z] > refreshing access token with scopes: ["email","https://www.googleapis.com/auth/cloud-platform","https://www.googleapis.com/auth/cloudplatformprojects.readonly","https://www.googleapis.com/auth/firebase","openid"]
[debug] [2021-06-29T00:50:18.145Z] >>> HTTP REQUEST POST https://www.googleapis.com/oauth2/v3/token  
 <request body omitted>
[debug] [2021-06-29T00:50:18.333Z] <<< HTTP RESPONSE 200 {"date":"Tue, 29 Jun 2021 00:50:18 GMT","pragma":"no-cache","cache-control":"no-cache, no-store, max-age=0, must-revalidate","expires":"Mon, 01 Jan 1990 00:00:00 GMT","content-type":"application/json; charset=utf-8","vary":"X-Origin, Referer, Origin,Accept-Encoding","server":"scaffolding on HTTPServer2","x-xss-protection":"0","x-frame-options":"SAMEORIGIN","x-content-type-options":"nosniff","alt-svc":"h3=\":443\"; ma=2592000,h3-29=\":443\"; ma=2592000,h3-T051=\":443\"; ma=2592000,h3-Q050=\":443\"; ma=2592000,h3-Q046=\":443\"; ma=2592000,h3-Q043=\":443\"; ma=2592000,quic=\":443\"; ma=2592000; v=\"46,43\"","accept-ranges":"none","transfer-encoding":"chunked"}
[debug] [2021-06-29T00:50:18.361Z] >>> HTTP REQUEST GET https://serviceusage.googleapis.com/v1/projects/letmeask-7de74/services/firebasedatabase.googleapis.com  
 
[debug] [2021-06-29T00:50:19.461Z] <<< HTTP RESPONSE 200 {"content-type":"application/json; charset=UTF-8","vary":"X-Origin, Referer, Origin,Accept-Encoding","date":"Tue, 29 Jun 2021 00:50:19 GMT","server":"ESF","cache-control":"private","x-xss-protection":"0","x-frame-options":"SAMEORIGIN","x-content-type-options":"nosniff","alt-svc":"h3=\":443\"; ma=2592000,h3-29=\":443\"; ma=2592000,h3-T051=\":443\"; ma=2592000,h3-Q050=\":443\"; ma=2592000,h3-Q046=\":443\"; ma=2592000,h3-Q043=\":443\"; ma=2592000,quic=\":443\"; ma=2592000; v=\"46,43\"","accept-ranges":"none","transfer-encoding":"chunked"}
[info] ✔  database: required API firebasedatabase.googleapis.com is enabled 
[info] 
[debug] [2021-06-29T00:50:19.463Z] >>> HTTP REQUEST GET https://firebasedatabase.googleapis.com/v1beta/projects/letmeask-7de74/locations/-/instances/letmeask-7de74-default-rtdb  
 
[debug] [2021-06-29T00:50:20.804Z] <<< HTTP RESPONSE 200 {"content-type":"application/json; charset=UTF-8","vary":"X-Origin, Referer, Origin,Accept-Encoding","date":"Tue, 29 Jun 2021 00:50:20 GMT","server":"ESF","cache-control":"private","x-xss-protection":"0","x-frame-options":"SAMEORIGIN","x-content-type-options":"nosniff","alt-svc":"h3=\":443\"; ma=2592000,h3-29=\":443\"; ma=2592000,h3-T051=\":443\"; ma=2592000,h3-Q050=\":443\"; ma=2592000,h3-Q046=\":443\"; ma=2592000,h3-Q043=\":443\"; ma=2592000,quic=\":443\"; ma=2592000; v=\"46,43\"","accept-ranges":"none","transfer-encoding":"chunked"}
[info] 
[info] Firebase Realtime Database Security Rules allow you to define how your data should be
[info] structured and when your data can be read from and written to.
[info] 
[debug] [2021-06-29T00:50:20.808Z] >>> HTTP REQUEST GET https://letmeask-7de74-default-rtdb.firebaseio.com/.settings/rules.json  
 
[debug] [2021-06-29T00:50:21.703Z] <<< HTTP RESPONSE 200 {"server":"nginx","date":"Tue, 29 Jun 2021 00:50:21 GMT","content-type":"application/json; charset=utf-8","content-length":"571","connection":"keep-alive","access-control-allow-origin":"*","cache-control":"no-cache","strict-transport-security":"max-age=31556926; includeSubDomains; preload"}
[info] ✔  Database Rules for letmeask-7de74-default-rtdb have been written to database.rules.json. 
[info] Future modifications to database.rules.json will update Realtime Database Security Rules when you run
[info] firebase deploy.
[info] 
=== Hosting Setup
[info] 
[info] Your public directory is the folder (relative to your project directory) that
[info] will contain Hosting assets to be uploaded with firebase deploy. If you
[info] have a build process for your assets, use your build's output directory.
[info] 
[debug] [2021-06-29T00:52:29.094Z] >>> [apiv2][query] GET https://www.gstatic.com/firebasejs/releases.json [none]
[debug] [2021-06-29T00:52:29.201Z] <<< [apiv2][status] GET https://www.gstatic.com/firebasejs/releases.json 200
[debug] [2021-06-29T00:52:29.202Z] <<< [apiv2][body] GET https://www.gstatic.com/firebasejs/releases.json {"current":{"version":"8.6.8","browserURL":"https://www.gstatic.com/firebasejs/8.6.8/firebase.js","packageURL":"https://www.gstatic.com/firebasejs/8.6.8/firebase.tgz"},"live":{"version":"8.6","browserURL":"https://www.gstatic.com/firebasejs/live/8.6/firebase.js","packageURL":"https://www.gstatic.com/firebasejs/live/8.6/firebase.tgz"},"components":{"analytics":"https://www.gstatic.com/firebasejs/8.6.8/firebase-analytics.js","app":"https://www.gstatic.com/firebasejs/8.6.8/firebase-app.js","app-check":"https://www.gstatic.com/firebasejs/8.6.8/firebase-app-check.js","auth":"https://www.gstatic.com/firebasejs/8.6.8/firebase-auth.js","database":"https://www.gstatic.com/firebasejs/8.6.8/firebase-database.js","firestore":"https://www.gstatic.com/firebasejs/8.6.8/firebase-firestore.js","functions":"https://www.gstatic.com/firebasejs/8.6.8/firebase-functions.js","installations":"https://www.gstatic.com/firebasejs/8.6.8/firebase-installations.js","messaging":"https://www.gstatic.com/firebasejs/8.6.8/firebase-messaging.js","storage":"https://www.gstatic.com/firebasejs/8.6.8/firebase-storage.js","performance":"https://www.gstatic.com/firebasejs/8.6.8/firebase-performance.js","remote-config":"https://www.gstatic.com/firebasejs/8.6.8/firebase-remote-config.js","firestore.memory":"https://www.gstatic.com/firebasejs/8.6.8/firebase-firestore.memory.js"}}
[info] ✔  Wrote build/index.html 
[info] 
[info] i  Didn't detect a .git folder. Assuming /Users/alexandrecorazza/Desktop/Alexandre/Development/RocketSeat/nextlevelweek-together/project/letmeask is the project root. 
[info] i  Authorizing with GitHub to upload your service account to a GitHub repository's secrets store. 
[info] 
[info] Visit this URL on this device to log in:
[info] https://github.com/login/oauth/authorize?client_id=89cf50f02ac6aaed3484&state=1041750614&redirect_uri=http%3A%2F%2Flocalhost%3A9005&scope=read%3Auser%20repo%20public_repo
[info] 
[info] Waiting for authentication...
[debug] [2021-06-29T00:52:43.297Z] >>> HTTP REQUEST POST https://github.com/login/oauth/access_token  
 {"client_id":"89cf50f02ac6aaed3484","client_secret":"3330d14abc895d9a74d5f17cd7a00711fa2c5bf0","code":"0ead9a98419a27804ef4","redirect_uri":"http://localhost:9005","state":"1041750614"}
[debug] [2021-06-29T00:52:43.820Z] <<< HTTP RESPONSE 200 {"server":"GitHub.com","date":"Tue, 29 Jun 2021 00:52:43 GMT","content-type":"application/json; charset=utf-8","transfer-encoding":"chunked","vary":"X-PJAX, Accept-Encoding, Accept, X-Requested-With","permissions-policy":"interest-cohort=()","etag":"W/\"4b541bb7bebad5654f92208e8f5628c2\"","cache-control":"max-age=0, private, must-revalidate","strict-transport-security":"max-age=31536000; includeSubdomains; preload","x-frame-options":"deny","x-content-type-options":"nosniff","x-xss-protection":"0","referrer-policy":"origin-when-cross-origin, strict-origin-when-cross-origin","expect-ct":"max-age=2592000, report-uri=\"https://api.github.com/_private/browser/errors\"","content-security-policy":"default-src 'none'; base-uri 'self'; block-all-mixed-content; connect-src 'self' uploads.github.com www.githubstatus.com collector.githubapp.com api.github.com github-cloud.s3.amazonaws.com github-production-repository-file-5c1aeb.s3.amazonaws.com github-production-upload-manifest-file-7fdce7.s3.amazonaws.com github-production-user-asset-6210df.s3.amazonaws.com cdn.optimizely.com logx.optimizely.com/v1/events translator.github.com wss://alive.github.com; font-src github.githubassets.com; form-action 'self' github.com gist.github.com; frame-ancestors 'none'; frame-src render.githubusercontent.com render-temp.githubusercontent.com viewscreen.githubusercontent.com; img-src 'self' data: github.githubassets.com identicons.github.com collector.githubapp.com github-cloud.s3.amazonaws.com secured-user-images.githubusercontent.com/ *.githubusercontent.com; manifest-src 'self'; media-src 'none'; script-src github.githubassets.com; style-src 'unsafe-inline' github.githubassets.com; worker-src github.com/socket-worker-3f088aa2.js gist.github.com/socket-worker-3f088aa2.js","x-github-request-id":"C899:0F35:ED5CFC:167B980:60DA6EDB"}
[debug] [2021-06-29T00:52:43.831Z] >>> [apiv2][query] GET https://api.github.com/user [none]
[debug] [2021-06-29T00:52:44.499Z] <<< [apiv2][status] GET https://api.github.com/user 200
[debug] [2021-06-29T00:52:44.500Z] <<< [apiv2][body] GET https://api.github.com/user {"login":"alexandrecorazza","id":49340932,"node_id":"MDQ6VXNlcjQ5MzQwOTMy","avatar_url":"https://avatars.githubusercontent.com/u/49340932?v=4","gravatar_id":"","url":"https://api.github.com/users/alexandrecorazza","html_url":"https://github.com/alexandrecorazza","followers_url":"https://api.github.com/users/alexandrecorazza/followers","following_url":"https://api.github.com/users/alexandrecorazza/following{/other_user}","gists_url":"https://api.github.com/users/alexandrecorazza/gists{/gist_id}","starred_url":"https://api.github.com/users/alexandrecorazza/starred{/owner}{/repo}","subscriptions_url":"https://api.github.com/users/alexandrecorazza/subscriptions","organizations_url":"https://api.github.com/users/alexandrecorazza/orgs","repos_url":"https://api.github.com/users/alexandrecorazza/repos","events_url":"https://api.github.com/users/alexandrecorazza/events{/privacy}","received_events_url":"https://api.github.com/users/alexandrecorazza/received_events","type":"User","site_admin":false,"name":"Alexandre Corazza","company":"IBM","blog":"www.linkedin.com/in/alexandrecorazza","location":"Jundiaí-SP","email":"alexandre_corazza@yahoo.com.br","hireable":null,"bio":"Computer science student and code lover.","twitter_username":null,"public_repos":10,"public_gists":0,"followers":32,"following":16,"created_at":"2019-04-06T12:30:20Z","updated_at":"2021-06-29T00:52:42Z","private_gists":0,"total_private_repos":0,"owned_private_repos":0,"disk_usage":15430,"collaborators":0,"two_factor_authentication":false,"plan":{"name":"free","space":976562499,"collaborators":0,"private_repos":10000}}
[info] 
[info] ✔  Success! Logged into GitHub as alexandrecorazza 
[info] 
